proguard/seeds.txt
org.xstuido.gue.R$anim: int in_from_left
org.xstuido.gue.R$anim: int in_from_right
org.xstuido.gue.R$anim: int out_to_left
org.xstuido.gue.R$anim: int out_to_right
org.xstuido.gue.R$color: int actionbar_bg_dark
org.xstuido.gue.R$color: int actionbar_bg_dark_pressed
org.xstuido.gue.R$color: int actionbar_text_color
org.xstuido.gue.R$color: int black
org.xstuido.gue.R$color: int card_light_text
org.xstuido.gue.R$color: int card_list_bg
org.xstuido.gue.R$color: int card_text
org.xstuido.gue.R$color: int card_title_text
org.xstuido.gue.R$color: int stroke
org.xstuido.gue.R$color: int white
org.xstuido.gue.R$dimen: int banner_height
org.xstuido.gue.R$dimen: int card_large_text
org.xstuido.gue.R$dimen: int card_small_text
org.xstuido.gue.R$dimen: int sticky_height
org.xstuido.gue.R$dimen: int stripe_width
org.xstuido.gue.R$drawable: int bg_cal_focus
org.xstuido.gue.R$drawable: int bg_circle
org.xstuido.gue.R$drawable: int bg_circle_pressed
org.xstuido.gue.R$drawable: int bg_common_edittext
org.xstuido.gue.R$drawable: int bg_more_game
org.xstuido.gue.R$drawable: int bg_theme_dark_selector
org.xstuido.gue.R$drawable: int black_dot
org.xstuido.gue.R$drawable: int card_background
org.xstuido.gue.R$drawable: int card_background_shadow
org.xstuido.gue.R$drawable: int game_icon
org.xstuido.gue.R$drawable: int ic_banner_add
org.xstuido.gue.R$drawable: int ic_banner_logo
org.xstuido.gue.R$drawable: int ic_banner_more
org.xstuido.gue.R$drawable: int ic_banner_refresh
org.xstuido.gue.R$drawable: int ic_launcher
org.xstuido.gue.R$drawable: int ic_left
org.xstuido.gue.R$drawable: int ic_left_normal
org.xstuido.gue.R$drawable: int ic_left_pressed
org.xstuido.gue.R$drawable: int ic_menu_moreoverflow_normal_holo_light
org.xstuido.gue.R$drawable: int ic_right
org.xstuido.gue.R$drawable: int ic_right_normal
org.xstuido.gue.R$drawable: int ic_right_pressed
org.xstuido.gue.R$drawable: int ic_sign_history
org.xstuido.gue.R$drawable: int ic_sign_history_normal
org.xstuido.gue.R$drawable: int ic_sign_history_press
org.xstuido.gue.R$drawable: int ic_today_todo
org.xstuido.gue.R$drawable: int ic_today_todo_normal
org.xstuido.gue.R$drawable: int ic_today_todo_press
org.xstuido.gue.R$drawable: int ic_todo_list
org.xstuido.gue.R$drawable: int ic_todo_list_normal
org.xstuido.gue.R$id: int ScrollView1
org.xstuido.gue.R$id: int banner_add
org.xstuido.gue.R$id: int banner_more
org.xstuido.gue.R$id: int banner_ok
org.xstuido.gue.R$id: int btn_next_month
org.xstuido.gue.R$id: int btn_pre_month
org.xstuido.gue.R$id: int btn_select_date
org.xstuido.gue.R$id: int btn_select_time
org.xstuido.gue.R$id: int btn_share
org.xstuido.gue.R$id: int calendar
org.xstuido.gue.R$id: int cardContent
org.xstuido.gue.R$id: int content
org.xstuido.gue.R$id: int contentLayout
org.xstuido.gue.R$id: int description
org.xstuido.gue.R$id: int divider
org.xstuido.gue.R$id: int dot
org.xstuido.gue.R$id: int et_input_city
org.xstuido.gue.R$id: int et_todo
org.xstuido.gue.R$id: int imageView1
org.xstuido.gue.R$id: int iv_banner_add
org.xstuido.gue.R$id: int iv_game_logo
org.xstuido.gue.R$id: int iv_logo
org.xstuido.gue.R$id: int iv_refresh
org.xstuido.gue.R$id: int iv_setting
org.xstuido.gue.R$id: int line_lower_1
org.xstuido.gue.R$id: int line_lower_2
org.xstuido.gue.R$id: int line_upper
org.xstuido.gue.R$id: int listView
org.xstuido.gue.R$id: int ll_calendar
org.xstuido.gue.R$id: int ll_dot
org.xstuido.gue.R$id: int ll_month_title
org.xstuido.gue.R$id: int lv_cards
org.xstuido.gue.R$id: int lv_cards_list
org.xstuido.gue.R$id: int lv_hint
org.xstuido.gue.R$id: int lv_history
org.xstuido.gue.R$id: int lv_weathers
org.xstuido.gue.R$id: int overflow
org.xstuido.gue.R$id: int placeholder
org.xstuido.gue.R$id: int rb_signin_history
org.xstuido.gue.R$id: int rb_today_todo
...
android.support.v4.app.BackStackState
android.support.v4.app.BackStackState: android.os.Parcelable$Creator CREATOR
android.support.v4.app.Fragment$SavedState
android.support.v4.app.Fragment$SavedState: android.os.Parcelable$Creator CREATOR
android.support.v4.app.FragmentActivity: FragmentActivity()
android.support.v4.app.FragmentManagerState
android.support.v4.app.FragmentManagerState: android.os.Parcelable$Creator CREATOR
android.support.v4.app.FragmentState
android.support.v4.app.FragmentState: android.os.Parcelable$Creator CREATOR
android.support.v4.app.FragmentTabHost: void setOnTabChangedListener(android.widget.TabHost$OnTabChangeListener)
android.support.v4.app.FragmentTabHost$SavedState
android.support.v4.app.FragmentTabHost$SavedState: android.os.Parcelable$Creator CREATOR
android.support.v4.content.ModernAsyncTask$Status: android.support.v4.content.ModernAsyncTask$Status[] values()
android.support.v4.content.ModernAsyncTask$Status: android.support.v4.content.ModernAsyncTask$Status valueOf(java.lang.String)
android.support.v4.view.PagerTabStrip: void setTabIndicatorColor(int)
android.support.v4.view.PagerTabStrip: void setTabIndicatorColorResource(int)
android.support.v4.view.PagerTabStrip: int getTabIndicatorColor()
android.support.v4.view.PagerTabStrip: void setTextSpacing(int)
android.support.v4.view.PagerTabStrip: void setBackgroundDrawable(android.graphics.drawable.Drawable)
android.support.v4.view.PagerTabStrip: void setBackgroundColor(int)
android.support.v4.view.PagerTabStrip: void setBackgroundResource(int)
android.support.v4.view.PagerTabStrip: void setDrawFullUnderline(boolean)
android.support.v4.view.PagerTabStrip: boolean getDrawFullUnderline()
android.support.v4.view.PagerTabStrip: int getMinHeight()
android.support.v4.view.PagerTitleStrip: void setSingleLineAllCaps(android.widget.TextView)
android.support.v4.view.PagerTitleStrip: void setTextSpacing(int)
android.support.v4.view.PagerTitleStrip: int getTextSpacing()
android.support.v4.view.PagerTitleStrip: void setNonPrimaryAlpha(float)
android.support.v4.view.PagerTitleStrip: void setTextColor(int)
android.support.v4.view.PagerTitleStrip: void setGravity(int)
android.support.v4.view.PagerTitleStrip: int getMinHeight()
android.support.v4.view.ViewPager: void setScrollState(int)
android.support.v4.view.ViewPager: void setAdapter(android.support.v4.view.PagerAdapter)
android.support.v4.view.ViewPager: android.support.v4.view.PagerAdapter getAdapter()
android.support.v4.view.ViewPager: void setOnAdapterChangeListener(android.support.v4.view.ViewPager$OnAdapterChangeListener)
android.support.v4.view.ViewPager: int getClientWidth()
android.support.v4.view.ViewPager: void setCurrentItem(int)
android.support.v4.view.ViewPager: int getCurrentItem()
android.support.v4.view.ViewPager: void setOnPageChangeListener(android.support.v4.view.ViewPager$OnPageChangeListener)
android.support.v4.view.ViewPager: void setChildrenDrawingOrderEnabledCompat(boolean)
android.support.v4.view.ViewPager: int getOffscreenPageLimit()
android.support.v4.view.ViewPager: void setOffscreenPageLimit(int)
android.support.v4.view.ViewPager: void setPageMargin(int)
android.support.v4.view.ViewPager: int getPageMargin()
android.support.v4.view.ViewPager: void setPageMarginDrawable(android.graphics.drawable.Drawable)
android.support.v4.view.ViewPager: void setPageMarginDrawable(int)
android.support.v4.view.ViewPager: void setScrollingCacheEnabled(boolean)
android.support.v4.view.ViewPager$SavedState
android.support.v4.view.ViewPager$SavedState: android.os.Parcelable$Creator CREATOR
android.support.v4.widget.DrawerLayout: void setScrimColor(int)
android.support.v4.widget.DrawerLayout: void setDrawerListener(android.support.v4.widget.DrawerLayout$DrawerListener)
android.support.v4.widget.DrawerLayout: void setDrawerLockMode(int)
android.support.v4.widget.DrawerLayout$SavedState
android.support.v4.widget.DrawerLayout$SavedState: android.os.Parcelable$Creator CREATOR