proguard/mapping.txt
org.xstuido.gue.activity.AddCityActivity -> org.xstuido.gue.activity.AddCityActivity:
    android.widget.TextView mBackTextView -> a
    android.widget.EditText mCityEditText -> b
    android.widget.ListView mHintListView -> c
    android.widget.ArrayAdapter mAdapter -> d
    java.util.ArrayList mData -> e
    java.util.ArrayList mHintList -> f
    org.xstuido.gue.view.dialog.LoadingDialog mLoadingDialog -> g
    org.xstuido.gue.db.GetUpEarlyDB mDB -> h
    android.text.TextWatcher mTextWatcher -> i
    org.xstuido.gue.util.HiThread mGetWeatherThread -> j
    android.os.Handler mHandler -> k
    void onCreate(android.os.Bundle) -> onCreate
    void getHintList() -> a
    boolean onKeyDown(int,android.view.KeyEvent) -> onKeyDown
    java.util.ArrayList access$0(org.xstuido.gue.activity.AddCityActivity) -> a
    java.util.ArrayList access$1(org.xstuido.gue.activity.AddCityActivity) -> b
    android.widget.ArrayAdapter access$2(org.xstuido.gue.activity.AddCityActivity) -> c
    android.os.Handler access$3(org.xstuido.gue.activity.AddCityActivity) -> d
    org.xstuido.gue.view.dialog.LoadingDialog access$4(org.xstuido.gue.activity.AddCityActivity) -> e
    org.xstuido.gue.db.GetUpEarlyDB access$5(org.xstuido.gue.activity.AddCityActivity) -> f
    android.widget.EditText access$6(org.xstuido.gue.activity.AddCityActivity) -> g
    org.xstuido.gue.util.HiThread access$7(org.xstuido.gue.activity.AddCityActivity) -> h
org.xstuido.gue.activity.AddCityActivity$1 -> org.xstuido.gue.activity.a:
    org.xstuido.gue.activity.AddCityActivity this$0 -> a
    void onTextChanged(java.lang.CharSequence,int,int,int) -> onTextChanged
    void beforeTextChanged(java.lang.CharSequence,int,int,int) -> beforeTextChanged
    void afterTextChanged(android.text.Editable) -> afterTextChanged
org.xstuido.gue.activity.AddCityActivity$2 -> org.xstuido.gue.activity.b:
    org.xstuido.gue.activity.AddCityActivity this$0 -> a
    void run() -> run
org.xstuido.gue.activity.AddCityActivity$3 -> org.xstuido.gue.activity.c:
    org.xstuido.gue.activity.AddCityActivity this$0 -> a
    void handleMessage(android.os.Message) -> handleMessage
org.xstuido.gue.activity.AddCityActivity$4 -> org.xstuido.gue.activity.d:
    org.xstuido.gue.activity.AddCityActivity this$0 -> a
    void onClick(android.view.View) -> onClick
org.xstuido.gue.activity.AddCityActivity$5 -> org.xstuido.gue.activity.e:
    org.xstuido.gue.activity.AddCityActivity this$0 -> a
    void onItemClick(android.widget.AdapterView,android.view.View,int,long) -> onItemClick
org.xstuido.gue.activity.AddToDoActivity -> org.xstuido.gue.activity.AddToDoActivity:
    android.app.DatePickerDialog mDatePicker -> a
    android.app.TimePickerDialog mTimePicker -> b
    android.widget.Button mDatePickButton -> c
    android.widget.Button mTimePickButton -> d
    java.util.Calendar mCalendar -> e
    android.widget.EditText mEditText -> f
    android.widget.TextView mBackTextView -> g
    android.widget.TextView mOKTextView -> h
    boolean mIsPickDate -> i
    int mRequestCode -> j
    long mEventID -> k
    android.content.Intent mIntent -> l
    org.xstuido.gue.db.GetUpEarlyDB mDB -> m
    void onCreate(android.os.Bundle) -> onCreate
    boolean onKeyDown(int,android.view.KeyEvent) -> onKeyDown
    boolean access$0(org.xstuido.gue.activity.AddToDoActivity) -> a
    android.widget.EditText access$1(org.xstuido.gue.activity.AddToDoActivity) -> b
    int access$2(org.xstuido.gue.activity.AddToDoActivity) -> c
    org.xstuido.gue.db.GetUpEarlyDB access$3(org.xstuido.gue.activity.AddToDoActivity) -> d
    java.util.Calendar access$4(org.xstuido.gue.activity.AddToDoActivity) -> e
    long access$5(org.xstuido.gue.activity.AddToDoActivity) -> f
    android.widget.Button access$6(org.xstuido.gue.activity.AddToDoActivity) -> g
    void access$7(org.xstuido.gue.activity.AddToDoActivity,boolean) -> a
    android.widget.Button access$8(org.xstuido.gue.activity.AddToDoActivity) -> h
...
android.support.v4.app.BackStackRecord$Op -> android.support.v4.app.c:
    android.support.v4.app.BackStackRecord$Op next -> a
    android.support.v4.app.BackStackRecord$Op prev -> b
    int cmd -> c
    android.support.v4.app.Fragment fragment -> d
    int enterAnim -> e
    int exitAnim -> f
    int popEnterAnim -> g
    int popExitAnim -> h
    java.util.ArrayList removed -> i
android.support.v4.app.BackStackState -> android.support.v4.app.BackStackState:
    int[] mOps -> a
    int mTransition -> b
    int mTransitionStyle -> c
    java.lang.String mName -> d
    int mIndex -> e
    int mBreadCrumbTitleRes -> f
    java.lang.CharSequence mBreadCrumbTitleText -> g
    int mBreadCrumbShortTitleRes -> h
    java.lang.CharSequence mBreadCrumbShortTitleText -> i
    android.os.Parcelable$Creator CREATOR -> CREATOR
    android.support.v4.app.BackStackRecord instantiate(android.support.v4.app.FragmentManagerImpl) -> a
    int describeContents() -> describeContents
    void writeToParcel(android.os.Parcel,int) -> writeToParcel
android.support.v4.app.BackStackState$1 -> android.support.v4.app.d:
    android.support.v4.app.BackStackState createFromParcel(android.os.Parcel) -> a
    android.support.v4.app.BackStackState[] newArray(int) -> a
    java.lang.Object[] newArray(int) -> newArray
    java.lang.Object createFromParcel(android.os.Parcel) -> createFromParcel
android.support.v4.app.Fragment -> android.support.v4.app.Fragment:
    android.support.v4.util.SimpleArrayMap sClassMap -> P
    int mState -> a
    android.view.View mAnimatingAway -> b
    int mStateAfterAnimating -> c
    android.os.Bundle mSavedFragmentState -> d
    android.util.SparseArray mSavedViewState -> e
    int mIndex -> f
    java.lang.String mWho -> g
    android.os.Bundle mArguments -> h
    android.support.v4.app.Fragment mTarget -> i
    int mTargetIndex -> j
    int mTargetRequestCode -> k
    boolean mAdded -> l
    boolean mRemoving -> m
    boolean mResumed -> n
    boolean mFromLayout -> o
    boolean mInLayout -> p
    boolean mRestored -> q
    int mBackStackNesting -> r
    android.support.v4.app.FragmentManagerImpl mFragmentManager -> s
    android.support.v4.app.FragmentActivity mActivity -> t
    android.support.v4.app.FragmentManagerImpl mChildFragmentManager -> u
    android.support.v4.app.Fragment mParentFragment -> v
    int mFragmentId -> w
    int mContainerId -> x
    java.lang.String mTag -> y
    boolean mHidden -> z
    boolean mDetached -> A
    boolean mRetainInstance -> B
    boolean mRetaining -> C
    boolean mHasMenu -> D
    boolean mMenuVisible -> E
    boolean mCalled -> F
    int mNextAnim -> G
    android.view.ViewGroup mContainer -> H
    android.view.View mView -> I
    android.view.View mInnerView -> J
    boolean mDeferStart -> K
    boolean mUserVisibleHint -> L
android.support.v4.app.Fragment$1 -> android.support.v4.app.e:
    android.support.v4.app.Fragment this$0 -> a
    android.view.View findViewById(int) -> a
android.support.v4.app.Fragment$InstantiationException -> android.support.v4.app.f:
android.support.v4.app.Fragment$SavedState -> android.support.v4.app.Fragment$SavedState:
    android.os.Bundle mState -> a
    android.os.Parcelable$Creator CREATOR -> CREATOR
    int describeContents() -> describeContents
    void writeToParcel(android.os.Parcel,int) -> writeToParcel
android.support.v4.app.Fragment$SavedState$1 -> android.support.v4.app.g:
    android.support.v4.app.Fragment$SavedState createFromParcel(android.os.Parcel) -> a
    android.support.v4.app.Fragment$SavedState[] newArray(int) -> a
    java.lang.Object[] newArray(int) -> newArray
    java.lang.Object createFromParcel(android.os.Parcel) -> createFromParcel