proguard/usage.txt
org.xstuido.gue.BuildConfig
org.xstuido.gue.R
org.xstuido.gue.R$anim
org.xstuido.gue.R$attr
org.xstuido.gue.R$color
org.xstuido.gue.R$dimen
org.xstuido.gue.R$drawable
org.xstuido.gue.R$id
org.xstuido.gue.R$layout
org.xstuido.gue.R$string
org.xstuido.gue.R$style
org.xstuido.gue.db.GetUpEarlyDB:
    private static final java.lang.String DB_NAME
    private static final int DB_VRESION
    private static final java.lang.String EVENT_TABLE
    private static final java.lang.String LOCATION_TABLE
    private static final java.lang.String COLUMN_KEY_EID
    private static final java.lang.String COLUMN_IS_SIGN_IN
    private static final java.lang.String COLUMN_IS_DONE
    private static final java.lang.String COLUMN_EVENT_TIME
    private static final java.lang.String COLUMN_EVENT_CONTENT
    private static final java.lang.String COLUMN_KEY_LID
    private static final java.lang.String COLUMN_CITY_NAME
    private static final java.lang.String EVENT_SQL_CREATE
    private static final java.lang.String LOCATION_SQL_CREATE
org.xstuido.gue.util.Constant
org.xstuido.gue.util.Event:
    public static final int NOT_IMPLEMENT
    30:31:public void setIsSignIn(int)
    46:47:public void setTime(long)
    54:55:public void setContent(java.lang.String)
org.xstuido.gue.util.Tool:
    public static final int NETWORK_NOT_CONNECTED
    public static final int NETWORK_TYPE_2G
    public static final int NETWORK_TYPE_3G
    public static final int NETWORK_TYPE_WIFI
    36:37:protected Tool()
    46:78:public static int getNetworkType()
    101:102:public static float px2dip(float)
    125:128:public static int getScreenH()
    159:162:public static void showLongToast(java.lang.String)
    181:184:public static void showKeyBoard(android.view.View)
    192:195:public static void hideKeyBoard(android.view.View)
    198:200:public static long seconds(int,int,int)
    215:224:public static android.graphics.Bitmap scaleBitmap(android.graphics.Bitmap,int,int)
    258:271:public static void getSectorClip(android.graphics.Canvas,float,float,float,float,float)
    367:367:public static int getDiffMonth(java.util.Calendar,java.util.Calendar)
    372:380:public static int getDiffDate(java.util.Calendar,java.util.Calendar)
org.xstuido.gue.util.weather.Weather:
    87:88:public void setCityName(java.lang.String)
    91:91:public java.lang.String getDate()
    96:97:public void setDate(java.lang.String)
    104:105:public void setTemperature(java.lang.String)
    112:113:public void setWeatherDrawable(java.lang.String)
    120:121:public void setUva(java.lang.String)
    128:129:public void setOverView(java.lang.String)
    136:137:public void setUpdateTime(java.lang.String)
org.xstuido.gue.util.weather.WeatherUtil:
    51:52:public void setWeatherList(java.util.ArrayList)
    55:55:public org.xstuido.gue.util.weather.Weather removeWeather(int)
org.xstuido.gue.view.adapter.CalendarViewPager:
    public static final int DAY_NUM_OF_WEEK
    public static final int WEEK_NUM_OF_MONTH
org.xstuido.gue.view.adapter.ViewPager4SameItem:
    private static final float DEFAULT_SWITCH_BTN_SIZE
...
android.support.v4.view.KeyEventCompatHoneycomb:
    24:24:KeyEventCompatHoneycomb()
android.support.v4.view.MarginLayoutParamsCompat
android.support.v4.view.MarginLayoutParamsCompat$MarginLayoutParamsCompatImpl
android.support.v4.view.MarginLayoutParamsCompat$MarginLayoutParamsCompatImplBase
android.support.v4.view.MarginLayoutParamsCompat$MarginLayoutParamsCompatImplJbMr1
android.support.v4.view.MarginLayoutParamsCompatJellybeanMr1
android.support.v4.view.MenuCompat
android.support.v4.view.MenuItemCompat:
    private static final java.lang.String TAG
    public static final int SHOW_AS_ACTION_NEVER
    public static final int SHOW_AS_ACTION_IF_ROOM
    public static final int SHOW_AS_ACTION_ALWAYS
    public static final int SHOW_AS_ACTION_WITH_TEXT
    public static final int SHOW_AS_ACTION_COLLAPSE_ACTION_VIEW
    32:200:public MenuItemCompat()
    268:273:public static void setShowAsAction(android.view.MenuItem,int)
    287:290:public static android.view.MenuItem setActionView(android.view.MenuItem,android.view.View)
    309:312:public static android.view.MenuItem setActionView(android.view.MenuItem,int)
    322:325:public static android.view.View getActionView(android.view.MenuItem)
    344:349:public static android.view.MenuItem setActionProvider(android.view.MenuItem,android.support.v4.view.ActionProvider)
    361:367:public static android.support.v4.view.ActionProvider getActionProvider(android.view.MenuItem)
    383:386:public static boolean expandActionView(android.view.MenuItem)
    402:405:public static boolean collapseActionView(android.view.MenuItem)
    418:421:public static boolean isActionViewExpanded(android.view.MenuItem)
    435:438:public static android.view.MenuItem setOnActionExpandListener(android.view.MenuItem,android.support.v4.view.MenuItemCompat$OnActionExpandListener)
android.support.v4.view.MenuItemCompat$BaseMenuVersionImpl:
    117:117:public void setShowAsAction(android.view.MenuItem,int)
    121:121:public android.view.MenuItem setActionView(android.view.MenuItem,android.view.View)
    126:126:public android.view.MenuItem setActionView(android.view.MenuItem,int)
    131:131:public android.view.View getActionView(android.view.MenuItem)
    136:136:public boolean expandActionView(android.view.MenuItem)
    141:141:public boolean collapseActionView(android.view.MenuItem)
    146:146:public boolean isActionViewExpanded(android.view.MenuItem)
    151:151:public android.view.MenuItem setOnActionExpandListener(android.view.MenuItem,android.support.v4.view.MenuItemCompat$OnActionExpandListener)
android.support.v4.view.MenuItemCompat$HoneycombMenuVersionImpl:
    161:162:public void setShowAsAction(android.view.MenuItem,int)
    166:166:public android.view.MenuItem setActionView(android.view.MenuItem,android.view.View)
    171:171:public android.view.MenuItem setActionView(android.view.MenuItem,int)
    176:176:public android.view.View getActionView(android.view.MenuItem)
    181:181:public boolean expandActionView(android.view.MenuItem)
    186:186:public boolean collapseActionView(android.view.MenuItem)
    191:191:public boolean isActionViewExpanded(android.view.MenuItem)
    196:196:public android.view.MenuItem setOnActionExpandListener(android.view.MenuItem,android.support.v4.view.MenuItemCompat$OnActionExpandListener)
android.support.v4.view.MenuItemCompat$IcsMenuVersionImpl:
    203:203:public boolean expandActionView(android.view.MenuItem)
    208:208:public boolean collapseActionView(android.view.MenuItem)
    213:213:public boolean isActionViewExpanded(android.view.MenuItem)
    219:227:public android.view.MenuItem setOnActionExpandListener(android.view.MenuItem,android.support.v4.view.MenuItemCompat$OnActionExpandListener)
android.support.v4.view.MenuItemCompat$IcsMenuVersionImpl$1